<?xml version="1.0" encoding="UTF-8"?>
<testng-results skipped="0" failed="0" ignored="0" total="1" passed="1">
  <reporter-output>
  </reporter-output>
  <suite name="Default suite" duration-ms="53" started-at="2018-02-01T17:04:58Z" finished-at="2018-02-01T17:04:59Z">
    <groups>
    </groups>
    <test name="Default test" duration-ms="53" started-at="2018-02-01T17:04:58Z" finished-at="2018-02-01T17:04:59Z">
      <class name="pack.one">
        <test-method status="PASS" signature="print()[pri:0, instance:pack.one@46d56d67]" name="print" duration-ms="21" started-at="2018-02-01T19:04:58Z" finished-at="2018-02-01T19:04:59Z">
          <reporter-output>
          </reporter-output>
        </test-method> <!-- print -->
      </class> <!-- pack.one -->
    </test> <!-- Default test -->
  </suite> <!-- Default suite -->
</testng-results>
